0 0 0 0 0 1 0
0.5 0.0155438 0 -0.00672534 -0.109512 0.984456 0
1 0.057698 1.0842e-19 -0.0133771 -0.209593 0.942302 -2.1684e-19
1.5 0.123302 5.42101e-19 -0.0199219 -0.29615 0.876698 -9.04631e-19
2 0.208281 6.50521e-19 -0.0263588 -0.365173 0.791719 -1.46706e-18
2.5 0.307696 2.27682e-18 -0.0326972 -0.41345 0.692304 -3.77777e-18
3 0.415963 2.1684e-18 -0.0389458 -0.438849 0.584037 -3.83367e-18
3.5 0.527148 1.10589e-17 -0.0451077 -0.440457 0.472852 -1.42573e-17
4 0.635275 2.6563e-17 -0.0511828 -0.418617 0.364725 -3.05389e-17
4.5 0.734637 1.40946e-17 -0.0571721 -0.374893 0.265363 -1.86906e-17
5 0.820093 1.15576e-16 -0.0630765 -0.31197 0.179907 -1.21229e-16
5.5 0.887325 -5.31259e-18 -0.0688948 -0.233503 0.112675 -3.7388e-18
6 0.933053 -1.10916e-16 -0.0746285 -0.143876 0.0669466 1.02845e-16
6.5 0.955186 3.03682e-16 -0.0802788 -0.0479992 0.0448137 -3.12452e-16
7 0.952911 -2.24614e-17 -0.0858469 0.0489625 0.0470891 4.58232e-18
7.5 0.926717 2.14286e-16 -0.0913341 0.141865 0.0732825 -2.27193e-16
8 0.878354 -2.43062e-17 -0.0967414 0.225855 0.121646 6.57337e-18
8.5 0.810714 2.48819e-16 -0.10207 0.296628 0.189286 -2.60386e-16
9 0.727668 1.07319e-16 -0.107321 0.35064 0.272332 -1.32424e-16
9.5 0.633841 2.09483e-16 -0.112496 0.38529 0.366159 -2.22659e-16
10 0.534358 3.31317e-17 -0.117594 0.399037 0.465642 -4.72385e-17
10.5 0.434566 5.87994e-17 -0.122619 0.391473 0.565434 -8.2534e-17
11 0.339748 6.53366e-17 -0.12757 0.36332 0.660252 -8.89908e-17
11.5 0.254843 -1.60654e-16 -0.132448 0.316379 0.745157 1.54758e-16
12 0.184191 -1.94217e-16 -0.137256 0.253418 0.815809 1.76353e-16
12.5 0.131312 3.37641e-16 -0.141992 0.17801 0.868688 -3.54835e-16
13 0.0987336 -3.44432e-17 -0.146659 0.0943306 0.901266 1.29419e-17
13.5 0.0878702 -4.91704e-16 -0.151258 0.00693122 0.91213 4.58941e-16
14 0.0989675 -3.43638e-16 -0.155789 -0.0795095 0.901032 3.20174e-16
14.5 0.131106 5.24835e-17 -0.160254 -0.160435 0.868894 -6.83945e-17
15 0.182266 3.21961e-16 -0.164653 -0.231648 0.817734 -3.51362e-16
15.5 0.249454 4.37039e-16 -0.168988 -0.289531 0.750546 -4.63486e-16
16 0.328874 -2.25102e-16 -0.173259 -0.331224 0.671126 2.14393e-16
16.5 0.41614 3.756e-16 -0.177468 -0.354768 0.58386 -4.14382e-16
17 0.506518 -2.86611e-16 -0.181615 -0.359193 0.493482 2.49076e-16
17.5 0.595181 -6.58278e-17 -0.185702 -0.344555 0.404819 3.04264e-17
18 0.677467 -1.15045e-17 -0.189729 -0.311916 0.322533 -4.87397e-17
18.5 0.749119 -1.30635e-16 -0.193698 -0.263277 0.250881 5.84695e-17
19 0.80651 6.03736e-16 -0.197608 -0.201451 0.19349 -6.6379e-16
19.5 0.846821 -1.05056e-16 -0.201462 -0.129909 0.153179 7.42225e-18
20 0.868179 -2.5189e-16 -0.20526 -0.0525815 0.131821 1.80173e-16
20.5 0.869743 -1.0183e-17 -0.209003 0.0263544 0.130257 -7.85891e-17
21 0.851728 -3.55512e-17 -0.212692 0.1027 0.148272 -7.41074e-17
21.5 0.815385 3.69417e-16 -0.216326 0.172456 0.184615 -4.46981e-16
22 0.762915 2.92146e-16 -0.219908 0.232034 0.237085 -3.65138e-16
22.5 0.697335 2.77287e-16 -0.223438 0.278437 0.302665 -4.0619e-16
23 0.622314 -4.14208e-16 -0.226916 0.309412 0.377686 3.04759e-16
23.5 0.541962 4.69963e-18 -0.230344 0.323553 0.458038 -1.32732e-16
24 0.460609 1.32133e-16 -0.233722 0.320368 0.539391 -2.67946e-16
24.5 0.382573 -8.38938e-17 -0.23705 0.300289 0.617427 -4.91146e-17
25 0.311931 2.5862e-16 -0.240329 0.264633 0.688069 -4.22149e-16
25.5 0.252306 1.74192e-16 -0.243561 0.215522 0.747694 -3.74677e-16
26 0.206685 -3.47261e-16 -0.246745 0.155758 0.793315 1.64859e-16
26.5 0.177269 -1.43529e-16 -0.249882 0.088663 0.822731 -5.28648e-17
27 0.165366 -2.83312e-16 -0.252973 0.0178959 0.834634 6.91468e-17
27.5 0.171341 5.58127e-17 -0.256019 -0.0527447 0.828659 -2.78138e-16
28 0.194608 -2.84791e-16 -0.25902 -0.119525 0.805392 2.36914e-17
28.5 0.233673 -3.51299e-16 -0.261977 -0.178971 0.766327 7.36638e-17
29 0.28623 -7.77923e-17 -0.26489 -0.228051 0.71377 -1.8341e-16
29.5 0.349297 -4.72995e-17 -0.267761 -0.264327 0.650703 -2.18602e-16
30 0.419377 -1.25176e-15 -0.27059 -0.286073 0.580623 9.60241e-16
30.5 0.492659 3.40385e-16 -0.273378 -0.29236 0.507341 -6.1598e-16
31 0.565218 6.38859e-16 -0.276124 -0.28309 0.434782 -9.59296e-16
31.5 0.633228 6.00958e-16 -0.278831 -0.25899 0.366772 -9.11643e-16
32 0.693162 3.37699e-16 -0.281499 -0.221558 0.306838 -6.17385e-16
32.5 0.741971 -1.5791e-16 -0.284127 -0.172976 0.258029 -1.74915e-16
33 0.777244 -4.555e-16 -0.286718 -0.115983 0.222756 9.59281e-17
33.5 0.79732 2.07935e-16 -0.289271 -0.0537207 0.20268 -5.58593e-16
34 0.801367 2.36449e-16 -0.291786 0.0104389 0.198633 -5.58689e-16
34.5 0.789416 1.19235e-16 -0.294266 0.0730735 0.210584 -4.16809e-16
35 0.76234 6.95629e-16 -0.296709 0.130894 0.23766 -1.03192e-15
35.5 0.721801 1.25093e-15 -0.299117 0.180915 0.278199 -1.64893e-15
36 0.670147 -3.61043e-17 -0.30149 0.22061 0.329853 -3.35692e-16
36.5 0.610277 -5.56445e-16 -0.303828 0.248036 0.389723 1.65916e-16
37 0.545484 8.54229e-17 -0.306132 0.261928 0.454516 -4.65089e-16
37.5 0.479268 8.13865e-16 -0.308402 0.261758 0.520732 -1.25742e-15
38 0.415153 -5.91508e-16 -0.31064 0.247746 0.584847 1.82881e-16
38.5 0.356497 -1.12263e-15 -0.312844 0.220845 0.643503 6.97656e-16
39 0.30632 4.31228e-16 -0.315017 0.182672 0.69368 -8.07385e-16
39.5 0.267147 -7.28123e-16 -0.317157 0.135417 0.732853 2.70847e-16
40 0.240883 -8.04781e-16 -0.319266 0.0817172 0.759117 3.88584e-16
40.5 0.228722 1.87371e-16 -0.321344 0.0245096 0.771278 -6.27318e-16
41 0.231091 1.25028e-16 -0.323391 -0.0331268 0.768909 -5.69097e-16
41.5 0.247647 -2.28426e-16 -0.325408 -0.0881375 0.752353 -2.74841e-16
42 0.277297 -1.0185e-15 -0.327396 -0.137653 0.722703 4.76195e-16
42.5 0.318276 -1.29049e-16 -0.329354 -0.179138 0.681724 -4.13376e-16
43 0.368245 1.36204e-16 -0.331284 -0.21052 0.631755 -6.54806e-16
43.5 0.424424 -1.94666e-16 -0.333185 -0.230292 0.575576 -3.8221e-16
44 0.483749 -4.83505e-16 -0.335059 -0.237586 0.516251 -8.71622e-17
44.5 0.543034 2.96529e-16 -0.336905 -0.232204 0.456966 -8.68613e-16
45 0.599144 -7.47994e-17 -0.338724 -0.214624 0.400856 -4.63508e-16
45.5 0.649161 -2.03319e-16 -0.340517 -0.18596 0.350839 -3.48205e-16
46 0.690531 9.37928e-16 -0.342284 -0.147895 0.309469 -1.39896e-15
46.5 0.721198 -1.13243e-16 -0.344025 -0.102587 0.278802 -4.13044e-16
47 0.739702 6.11457e-16 -0.345741 -0.0525396 0.260298 -1.14602e-15
47.5 0.745248 -7.80146e-16 -0.347432 -0.000472897 0.254752 2.04835e-16
48 0.737741 -2.09558e-17 -0.349098 0.0508293 0.262259 -5.83983e-16
48.5 0.717775 3.42242e-16 -0.350741 0.0986655 0.282225 -9.8965e-16
49 0.686595 -2.45981e-16 -0.352359 0.140558 0.313405 -4.18567e-16
49.5 0.646019 -6.19447e-16 -0.353954 0.174382 0.353981 -5.70713e-17
50 0.598337 2.76347e-16 -0.355526 0.198471 0.401663 -9.54991e-16
50.5 0.546177 7.48534e-16 -0.357075 0.211698 0.453823 -1.39539e-15
51 0.492367 -5.76565e-16 -0.358601 0.213529 0.507633 -8.57727e-17
51.5 0.439776 -2.85984e-17 -0.360105 0.204039 0.560224 -6.14428e-16
52 0.391168 1.97713e-17 -0.361587 0.183903 0.608832 -6.98674e-16
52.5 0.349053 2.00091e-16 -0.363048 0.154345 0.650947 -8.64018e-16
53 0.31556 3.33594e-17 -0.364486 0.117074 0.68444 -7.53973e-16
53.5 0.29233 -5.35933e-16 -0.365904 0.0741754 0.70767 -1.53329e-16
54 0.280434 -5.35907e-16 -0.367301 0.0280048 0.719566 -1.57777e-16
54.5 0.280332 -1.60858e-16 -0.368677 -0.0189469 0.719668 -5.68471e-16
55 0.291848 -3.82344e-16 -0.370033 -0.0641847 0.708152 -3.59321e-16
55.5 0.314199 -4.09118e-16 -0.371369 -0.105342 0.685801 -2.93066e-16
56 0.346037 -2.066e-16 -0.372685 -0.140305 0.653963 -5.44367e-16
56.5 0.385535 -2.74503e-16 -0.373982 -0.167317 0.614465 -4.97617e-16
57 0.430488 -2.51685e-16 -0.37526 -0.185071 0.569512 -5.04963e-16
57.5 0.478436 -7.4216e-16 -0.376519 -0.192768 0.521564 -5.9866e-17
58 0.526798 1.68988e-16 -0.37776 -0.190154 0.473202 -9.1787e-16
58.5 0.57301 1.23397e-16 -0.378983 -0.177523 0.42699 -8.87908e-16
59 0.61466 -4.21732e-16 -0.380188 -0.155695 0.38534 -3.78936e-16
59.5 0.649615 -5.7096e-16 -0.381375 -0.125964 0.350385 -2.66238e-16
60 0.676128 5.29191e-16 -0.382546 -0.0900227 0.323872 -1.45089e-15
60.5 0.692925 -2.23079e-16 -0.383699 -0.0498651 0.307075 -6.40605e-16
61 0.699264 -4.53839e-17 -0.384836 -0.00767927 0.300736 -8.3277e-16
61.5 0.694969 -5.89076e-16 -0.385956 0.034273 0.305031 -3.13044e-16
62 0.680429 -1.27151e-15 -0.38706 0.0737766 0.319571 3.60749e-16
62.5 0.656567 -5.10828e-16 -0.388148 0.108779 0.343433 -3.7015e-16
63 0.624788 -1.80427e-16 -0.38922 0.137499 0.375212 -7.3817e-16
63.5 0.586891 1.9111e-16 -0.390277 0.15851 0.413109 -1.11628e-15
64 0.544973 -9.23091e-16 -0.391318 0.170821 0.455027 2.41435e-17
64.5 0.501313 -7.26533e-16 -0.392344 0.17391 0.498687 -2.07291e-16
65 0.458246 8.0288e-17 -0.393355 0.167756 0.541754 -9.8257e-16
65.5 0.418041 -2.44392e-16 -0.394352 0.152823 0.581959 -7.16046e-16
66 0.38278 2.42433e-16 -0.395333 0.130034 0.61722 -1.22625e-15
66.5 0.354253 -9.77727e-16 -0.3963 0.100713 0.645747 7.57925e-19
67 0.333867 -6.22991e-16 -0.397253 0.0665108 0.666133 -3.42159e-16
67.5 0.322577 -1.20523e-15 -0.398192 0.0293096 0.677423 1.54526e-16
68 0.320841 -1.13512e-15 -0.399117 -0.00887758 0.679159 1.07698e-16
68.5 0.328607 -1.03684e-15 -0.400029 -0.0460163 0.671393 2.40115e-17
69 0.34532 1.37284e-16 -0.400927 -0.0801584 0.65468 -1.13758e-15
69.5 0.36996 -6.37907e-16 -0.401811 -0.109544 0.63004 -3.64197e-16
70 0.401104 -5.26746e-17 -0.402683 -0.13269 0.598896 -9.61993e-16
70.5 0.437007 6.58284e-16 -0.403542 -0.148468 0.562993 -1.73054e-15
71 0.475697 1.90444e-16 -0.404388 -0.156155 0.524303 -1.2645e-15
71.5 0.515086 -9.15081e-16 -0.405222 -0.155467 0.484914 -1.30573e-16
72 0.55308 -9.37781e-16 -0.406044 -0.146568 0.44692 -1.28113e-16
72.5 0.587691 4.63357e-17 -0.406854 -0.130052 0.412309 -1.09601e-15
73 0.617141 -1.27249e-15 -0.407652 -0.106909 0.382859 2.1131e-16
73.5 0.639949 -3.21745e-16 -0.408439 -0.0784628 0.360051 -7.62416e-16
74 0.65501 -5.5734e-16 -0.409214 -0.0462983 0.34499 -5.63137e-16
74.5 0.661646 5.36046e-17 -0.409978 -0.0121731 0.338354 -1.18254e-15
75 0.659632 6.29634e-16 -0.410731 0.0220784 0.340368 -1.78882e-15
75.5 0.649207 4.55938e-16 -0.411473 0.0546429 0.350793 -1.60505e-15
76 0.63105 -8.35132e-16 -0.412204 0.0838237 0.36895 -3.78818e-16
76.5 0.606237 -1.97291e-16 -0.412925 0.108129 0.393763 -9.96495e-16
77 0.576183 3.75635e-17 -0.413636 0.126347 0.423817 -1.25335e-15
77.5 0.542556 2.43708e-16 -0.414336 0.137607 0.457444 -1.39226e-15
78 0.507189 7.8252e-16 -0.415025 0.141419 0.492811 -1.93917e-15
78.5 0.471978 2.10499e-16 -0.415705 0.137694 0.528022 -1.34301e-15
79 0.438783 6.50957e-16 -0.416375 0.126743 0.561217 -1.84602e-15
79.5 0.409329 -1.11596e-15 -0.417035 0.109255 0.590671 -1.43772e-16
80 0.385118 -1.12076e-15 -0.417685 0.0862546 0.614882 -1.86453e-16
80.5 0.367349 -1.04937e-15 -0.418326 0.059041 0.632651 -2.7977e-16
81 0.356866 -4.71804e-16 -0.418957 0.0291176 0.643134 -8.25962e-16
81.5 0.354112 -9.07337e-16 -0.419578 -0.00189213 0.645888 -4.56115e-16
82 0.359115 -2.53704e-16 -0.420191 -0.0323316 0.640885 -1.11192e-15
82.5 0.371494 -1.59828e-15 -0.420795 -0.0605997 0.628506 2.4476e-16
83 0.390482 -5.55467e-16 -0.421389 -0.0852344 0.609518 -7.67316e-16
83.5 0.414974 -1.23972e-15 -0.421975 -0.104988 0.585026 -1.61646e-16
84 0.443591 -4.0331e-16 -0.422552 -0.11889 0.556409 -9.52307e-16
84.5 0.474759 -1.69634e-15 -0.423121 -0.126293 0.525241 3.28524e-16
85 0.506789 -8.11811e-17 -0.423682 -0.126905 0.493211 -1.30107e-15
85.5 0.537975 -1.60108e-15 -0.424234 -0.120796 0.462025 2.6548e-16
86 0.56668 -5.5945e-16 -0.424778 -0.108392 0.43332 -7.83484e-16
86.5 0.591423 -8.21587e-16 -0.425315 -0.0904434 0.408577 -5.73458e-16
87 0.610957 3.46312e-16 -0.425844 -0.0679838 0.389043 -1.70534e-15
87.5 0.624327 1.82176e-18 -0.426365 -0.0422694 0.375673 -1.35001e-15
88 0.63092 -7.38439e-16 -0.426878 -0.0147095 0.36908 -6.19762e-16
88.5 0.630489 -7.85384e-16 -0.427384 0.0132104 0.369511 -5.84169e-16
89 0.623164 -3.67988e-16 -0.427883 0.0400083 0.376836 -1.04266e-15
89.5 0.609437 2.10966e-17 -0.428375 0.064284 0.390563 -1.48413e-15
90 0.590131 -1.40185e-15 -0.428859 0.0847918 0.409869 -2.4555e-18
90.5 0.566351 -5.56307e-16 -0.429337 0.100504 0.433649 -8.81645e-16
91 0.539423 -9.32427e-16 -0.429808 0.110663 0.460577 -5.47295e-16
91.5 0.510819 -1.10079e-15 -0.430271 0.114816 0.489181 -3.84364e-16
92 0.482077 -4.58028e-16 -0.430728 0.112833 0.517923 -1.10257e-15
92.5 0.454719 -4.19126e-16 -0.431178 0.104913 0.545281 -1.13102e-15
93 0.430171 -5.88888e-16 -0.431622 0.0915646 0.569829 -9.59109e-16
93.5 0.409688 -6.47793e-16 -0.432059 0.0735761 0.590312 -8.98229e-16
94 0.394293 -1.79613e-16 -0.43249 0.0519692 0.605707 -1.3955e-15
94.5 0.384721 -4.47007e-16 -0.432914 0.0279414 0.615279 -1.09567e-15
95 0.381392 -1.31066e-15 -0.433332 0.00280022 0.618608 -2.56548e-16
95.5 0.384387 -6.4759e-16 -0.433744 -0.0221079 0.615613 -9.51029e-16
96 0.39345 -6.02658e-17 -0.43415 -0.0454693 0.60655 -1.55693e-15
96.5 0.408012 -1.35996e-15 -0.434549 -0.0660718 0.591988 -2.73485e-16
97 0.427218 -2.85977e-16 -0.434943 -0.0828677 0.572782 -1.33885e-15
97.5 0.449983 -9.1103e-16 -0.435331 -0.0950264 0.550017 -7.15672e-16
98 0.475047 -8.3449e-16 -0.435713 -0.101975 0.524953 -8.05665e-16
98.5 0.501052 -1.19446e-15 -0.43609 -0.103426 0.498948 -4.5622e-16
99 0.526608 -8.04499e-16 -0.436461 -0.0993848 0.473392 -8.13991e-16
99.5 0.550369 -6.35958e-16 -0.436827 -0.0901489 0.449631 -1.01855e-15
100 0.571106 3.30631e-16 -0.437188 -0.0762855 0.428894 -2.01447e-15
