0 0 0 0 0 1 0
0.5 0.0155438 0 0 -0.123702 0.984456 0
1 0.0612087 0 0 -0.239713 0.938791 0
1.5 0.134156 0 0 -0.340819 0.865844 0
2 0.229849 0 0 -0.420735 0.770151 0
2.5 0.342339 0 0 -0.474492 0.657661 0
3 0.464631 0 0 -0.498747 0.535369 0
3.5 0.589123 0 0 -0.491993 0.410877 0
4 0.708073 0 0 -0.454649 0.291927 0
4.5 0.814087 0 0 -0.389037 0.185913 0
5 0.900572 0 0 -0.299236 0.0994282 0
5.5 0.962151 0 0 -0.19083 0.0378488 0
6 0.994996 0 0 -0.07056 0.00500375 0
6.5 0.997065 0 0 0.0540976 0.00293516 0
7 0.968228 0 0 0.175392 0.0317717 0
7.5 0.91028 0 0 0.285781 0.0897203 0
8 0.826822 0 0 0.378401 0.173178 0
8.5 0.723044 0 0 0.447495 0.276956 0
9 0.605398 0 0 0.488765 0.394602 0
9.5 0.481199 0 0 0.499646 0.518801 0
10 0.358169 0 0 0.479462 0.641831 0
10.5 0.243957 0 0 0.429467 0.756043 0
11 0.145665 0 0 0.35277 0.854335 0
11.5 0.0694038 0 0 0.25414 0.930596 0
12 0.0199149 0 0 0.139708 0.980085 0
12.5 0.000275291 0 0 0.0165896 0.999725 0
13 0.0117062 0 0 -0.10756 0.988294 0
13.5 0.0534968 0 0 -0.225022 0.946503 0
14 0.123049 0 0 -0.328493 0.876951 0
14.5 0.216038 0 0 -0.41154 0.783962 0
15 0.326682 0 0 -0.469 0.673318 0
15.5 0.448103 0 0 -0.497299 0.551897 0
16 0.57275 0 0 -0.494679 0.42725 0
16.5 0.692874 0 0 -0.461302 0.307126 0
17 0.801006 0 0 -0.399244 0.198994 0
17.5 0.890423 0 0 -0.312362 0.109577 0
18 0.955565 0 0 -0.206059 0.0444349 0
18.5 0.992383 0 0 -0.0869447 0.00761741 0
19 0.998586 0 0 0.0375756 0.00141392 0
19.5 0.97379 0 0 0.15976 0.0262101 0
20 0.919536 0 0 0.272011 0.0804642 0
20.5 0.839197 0 0 0.367349 0.160803 0
21 0.737768 0 0 0.439848 0.262232 0
21.5 0.621557 0 0 0.484999 0.378443 0
22 0.497787 0 0 0.499995 0.502213 0
22.5 0.374155 0 0 0.483904 0.625845 0
23 0.258348 0 0 0.437726 0.741652 0
23.5 0.157565 0 0 0.364332 0.842435 0
24 0.078073 0 0 0.268286 0.921927 0
24.5 0.0248146 0 0 0.15556 0.975185 0
25 0.00110086 0 0 0.0331609 0.998899 0
25.5 0.00840628 0 0 -0.0912996 0.991594 0
26 0.0462766 0 0 -0.210084 0.953723 0
26.5 0.112357 0 0 -0.315805 0.887643 0
27 0.20254 0 0 -0.401892 0.79746 0
27.5 0.311217 0 0 -0.462991 0.688783 0
28 0.431631 0 0 -0.495304 0.568369 0
28.5 0.556297 0 0 -0.496821 0.443703 0
29 0.677462 0 0 -0.467448 0.322538 0
29.5 0.787594 0 0 -0.409011 0.212406 0
30 0.879844 0 0 -0.325144 0.120156 0
30.5 0.948477 0 0 -0.221061 0.0515226 0
31 0.989227 0 0 -0.103234 0.0107733 0
31.5 0.999558 0 0 0.0210122 0.000441707 0
32 0.97883 0 0 0.143952 0.0211703 0
32.5 0.92833 0 0 0.257941 0.0716701 0
33 0.851199 0 0 0.355893 0.148801 0
33.5 0.752231 0 0 0.431717 0.247769 0
34 0.637582 0 0 0.480699 0.362418 0
34.5 0.514378 0 0 0.499793 0.485622 0
35 0.39028 0 0 0.487813 0.60972 0
35.5 0.273004 0 0 0.445503 0.726996 0
36 0.169842 0 0 0.375494 0.830158 0
36.5 0.0872069 0 0 0.282138 0.912793 0
37 0.0302376 0 0 0.17124 0.969762 0
37.5 0.0024758 0 0 0.0496958 0.997524 0
38 0.00564769 0 0 -0.0749386 0.994352 0
38.5 0.039556 0 0 -0.194914 0.960444 0
39 0.102093 0 0 -0.30277 0.897907 0
39.5 0.189369 0 0 -0.391801 0.810631 0
40 0.295959 0 0 -0.456473 0.704041 0
40.5 0.415235 0 0 -0.492763 0.584765 0
41 0.539782 0 0 -0.498415 0.460218 0
41.5 0.661855 0 0 -0.473078 0.338145 0
42 0.773865 0 0 -0.418328 0.226135 0
42.5 0.868847 0 0 -0.337568 0.131153 0
43 0.940896 0 0 -0.23582 0.0591041 0
43.5 0.985532 0 0 -0.119409 0.0144678 0
44 0.99998 0 0 0.00442565 1.95868e-05 0
44.5 0.983342 0 0 0.127985 0.0166577 0
45 0.936652 0 0 0.243587 0.0633477 0
45.5 0.862813 0 0 0.344044 0.137187 0
46 0.766417 0 0 0.42311 0.233583 0
46.5 0.653455 0 0 0.475869 0.346545 0
47 0.530953 0 0 0.499041 0.469047 0
47.5 0.406526 0 0 0.491185 0.593474 0
48 0.28791 0 0 0.452789 0.71209 0
48.5 0.182482 0 0 0.386241 0.817518 0
49 0.0967953 0 0 0.295679 0.903205 0
49.5 0.0361778 0 0 0.186732 0.963822 0
50 0.00439859 0 0 0.0661759 0.995601 0
50.5 0.00343347 0 0 -0.0584951 0.996567 0
51 0.0333424 0 0 -0.179529 0.966658 0
51.5 0.0922659 0 0 -0.289401 0.907734 0
52 0.17654 0 0 -0.381279 0.82346 0
52.5 0.280926 0 0 -0.449451 0.719074 0
53 0.398932 0 0 -0.489679 0.601068 0
53.5 0.523223 0 0 -0.49946 0.476777 0
54 0.646069 0 0 -0.478188 0.353931 0
54.5 0.759834 0 0 -0.427184 0.240166 0
55 0.857443 0 0 -0.34962 0.142557 0
55.5 0.932829 0 0 -0.250318 0.0671712 0
56 0.981303 0 0 -0.135453 0.0186971 0
56.5 0.999852 0 0 -0.0121657 0.000148027 0
57 0.987323 0 0 0.111878 0.0126774 0
57.5 0.944494 0 0 0.228965 0.0555061 0
58 0.874029 0 0 0.331817 0.125971 0
58.5 0.780308 0 0 0.414038 0.219692 0
59 0.66916 0 0 0.470516 0.33084 0
59.5 0.547493 0 0 0.497739 0.452507 0
60 0.422874 0 0 0.494016 0.577126 0
60.5 0.30305 0 0 0.459577 0.69695 0
61 0.195472 0 0 0.396564 0.804528 0
61.5 0.106828 0 0 0.308894 0.893172 0
62 0.0426288 0 0 0.202019 0.957371 0
62.5 0.00686713 0 0 0.0825831 0.993133 0
63 0.00176605 0 0 -0.0419872 0.998234 0
63.5 0.0276427 0 0 -0.163947 0.972357 0
64 0.0828883 0 0 -0.275713 0.917112 0
64.5 0.164068 0 0 -0.370337 0.835932 0
65 0.266134 0 0 -0.441935 0.733866 0
65.5 0.382741 0 0 -0.486056 0.617259 0
66 0.506638 0 0 -0.499956 0.493362 0
66.5 0.630123 0 0 -0.482771 0.369877 0
67 0.745517 0 0 -0.43557 0.254483 0
67.5 0.845647 0 0 -0.361287 0.154353 0
68 0.924285 0 0 -0.264541 0.0757149 0
68.5 0.976544 0 0 -0.151348 0.0234563 0
69 0.999173 0 0 -0.0287437 0.000826886 0
69.5 0.990766 0 0 0.0956472 0.00923365 0
70 0.951846 0 0 0.214091 0.0481539 0
70.5 0.884832 0 0 0.319224 0.115168 0
71 0.793891 0 0 0.404509 0.206109 0
71.5 0.684678 0 0 0.464644 0.315322 0
72 0.563982 0 0 0.495889 0.436018 0
72.5 0.439308 0 0 0.496303 0.560692 0
73 0.318407 0 0 0.465858 0.681593 0
73.5 0.208797 0 0 0.406449 0.791203 0
74 0.117293 0 0 0.321769 0.882707 0
74.5 0.0495835 0 0 0.217083 0.950417 0
75 0.00987868 0 0 0.0988994 0.990121 0
75.5 0.000647261 0 0 -0.0254331 0.999353 0
76 0.0224632 0 0 -0.148184 0.977537 0
76.5 0.07397 0 0 -0.261722 0.92603 0
77 0.151965 0 0 -0.358987 0.848035 0
77.5 0.2516 0 0 -0.433932 0.7484 0
78 0.366679 0 0 -0.481898 0.633321 0
78.5 0.490047 0 0 -0.499901 0.509953 0
79 0.614033 0 0 -0.486823 0.385967 0
79.5 0.73093 0 0 -0.443476 0.26907 0
80 0.833469 0 0 -0.372557 0.166531 0
80.5 0.915274 0 0 -0.278473 0.0847257 0
81 0.97126 0 0 -0.167076 0.0287403 0
81.5 0.997945 0 0 -0.0452901 0.00205542 0
82 0.99367 0 0 0.0793113 0.00633036 0
82.5 0.958701 0 0 0.198982 0.0412993 0
83 0.895212 0 0 0.30628 0.104788 0
83.5 0.807151 0 0 0.394536 0.192849 0
84 0.699993 0 0 0.458261 0.300007 0
84.5 0.5804 0 0 0.493494 0.4196 0
85 0.455808 0 0 0.498043 0.544192 0
85.5 0.333964 0 0 0.471627 0.666036 0
86 0.222443 0 0 0.415887 0.777557 0
86.5 0.12818 0 0 0.33429 0.87182 0
87 0.0570341 0 0 0.231908 0.942966 0
87.5 0.0134299 0 0 0.115107 0.98657 0
88 7.83457e-05 0 0 -0.00885096 0.999922 0
88.5 0.0178095 0 0 -0.132258 0.982191 0
89 0.0655209 0 0 -0.247443 0.934479 0
89.5 0.140246 0 0 -0.347242 0.859754 0
90 0.237339 0 0 -0.425452 0.762661 0
90.5 0.350763 0 0 -0.477209 0.649237 0
91 0.473466 0 0 -0.499295 0.526534 0
91.5 0.597818 0 0 -0.490338 0.402182 0
92 0.716089 0 0 -0.450894 0.283911 0
92.5 0.820924 0 0 -0.383416 0.179076 0
93 0.905806 0 0 -0.292098 0.0941939 0
93.5 0.965457 0 0 -0.18262 0.0345432 0
94 0.996168 0 0 -0.0617866 0.00383227 0
94.5 0.996029 0 0 0.0628881 0.00397068 0
95 0.96505 0 0 0.183653 0.0349498 0
95.5 0.905157 0 0 0.292999 0.0948435 0
96 0.820072 0 0 0.384127 0.179928 0
96.5 0.715087 0 0 0.451373 0.284913 0
97 0.596729 0 0 0.490554 0.403271 0
97.5 0.472357 0 0 0.499235 0.527643 0
98 0.349704 0 0 0.476876 0.650296 0
98.5 0.236395 0 0 0.424868 0.763605 0
99 0.139476 0 0 0.346442 0.860524 0
99.5 0.0649725 0 0 0.246477 0.935027 0
100 0.017517 0 0 0.131187 0.982483 0
